<?xml version="1.0" encoding="UTF-8"?>
<!-- Generated by org.testng.reporters.JUnitReportReporter -->
<testsuite hostname="DESKTOP-UM0HNMF" name="Academy.HomePage" tests="2" failures="0" timestamp="22 Nov 2019 05:58:18 GMT" time="39.844" errors="0">
  <testcase name="basePageNavigation" time="19.923" classname="Academy.HomePage"/>
  <testcase name="basePageNavigation" time="19.921" classname="Academy.HomePage"/>
</testsuite> <!-- Academy.HomePage -->
