<?xml version="1.0" encoding="UTF-8"?>
<!-- Generated by org.testng.reporters.JUnitReportReporter -->
<testsuite hostname="DESKTOP-UM0HNMF" name="Academy.ValidateNavigationBar" tests="1" failures="0" timestamp="22 Nov 2019 05:58:18 GMT" time="12.579" errors="0">
  <testcase name="basePageNavigation" time="12.579" classname="Academy.ValidateNavigationBar"/>
</testsuite> <!-- Academy.ValidateNavigationBar -->
