<?xml version="1.0" encoding="UTF-8"?>
<!-- Generated by org.testng.reporters.JUnitReportReporter -->
<testsuite hostname="DESKTOP-UM0HNMF" name="Academy.validateTitle" tests="1" failures="0" timestamp="23 Nov 2019 04:04:34 GMT" time="22.113" errors="0">
  <testcase name="basePageNavigation" time="22.113" classname="Academy.validateTitle"/>
</testsuite> <!-- Academy.validateTitle -->
