<?xml version="1.0" encoding="UTF-8"?>
<!-- Generated by org.testng.reporters.JUnitReportReporter -->
<testsuite hostname="DESKTOP-UM0HNMF" name="Academy.ValidateNavigationBar" tests="1" failures="0" timestamp="23 Nov 2019 04:04:34 GMT" time="21.055" errors="0">
  <testcase name="basePageNavigation" time="21.055" classname="Academy.ValidateNavigationBar"/>
</testsuite> <!-- Academy.ValidateNavigationBar -->
