<?xml version="1.0" encoding="UTF-8"?>
<!-- Generated by org.testng.reporters.JUnitReportReporter -->
<testsuite hostname="DESKTOP-UM0HNMF" name="Academy.HomePage" tests="2" failures="0" timestamp="23 Nov 2019 04:04:33 GMT" time="125.079" errors="0">
  <testcase name="basePageNavigation" time="60.215" classname="Academy.HomePage"/>
  <testcase name="basePageNavigation" time="64.864" classname="Academy.HomePage"/>
</testsuite> <!-- Academy.HomePage -->
